<?xml version="1.0" encoding="UTF-8"?>
<!-- Generated by org.testng.reporters.JUnitReportReporter -->
<testsuite hostname="DESKTOP-5D7H31A" failures="0" tests="4" name="com.hybrid.TestClass.TC_LoginTestCases" time="31.714" errors="0" timestamp="2022-07-01T17:27:33 IST" skipped="0">
  <testcase classname="com.hybrid.TestClass.TC_LoginTestCases" name="SetupStart" time="4.910"/>
  <system-out/>
  <testcase classname="com.hybrid.TestClass.TC_LoginTestCases" name="ClickonLoginBtn1" time="6.072"/>
  <system-out/>
  <testcase classname="com.hybrid.TestClass.TC_LoginTestCases" name="EnterCread1" time="7.587"/>
  <system-out/>
  <testcase classname="com.hybrid.TestClass.TC_LoginTestCases" name="ClickOnLogOut1" time="13.145"/>
  <system-out/>
</testsuite> <!-- com.hybrid.TestClass.TC_LoginTestCases -->
